[0m13:58:54.009794 [debug] [MainThread]: Sending event: {'category': 'dbt', 'action': 'invocation', 'label': 'start', 'context': [<snowplow_tracker.self_describing_json.SelfDescribingJson object at 0x7f0751979a80>, <snowplow_tracker.self_describing_json.SelfDescribingJson object at 0x7f0753994cc0>, <snowplow_tracker.self_describing_json.SelfDescribingJson object at 0x7f0750e941b0>]}


============================== 13:58:54.017327 | 7282cc03-543b-49cd-a67a-f3b7622b6d8a ==============================
[0m13:58:54.017327 [info ] [MainThread]: Running with dbt=1.11.7
[0m13:58:54.018250 [debug] [MainThread]: running dbt with arguments {'version_check': 'True', 'printer_width': '80', 'warn_error_options': 'WarnErrorOptionsV2(error=[], warn=[], silence=[])', 'use_colors': 'True', 'static_parser': 'True', 'invocation_command': 'dbt init --skip-profile-setup airbnb', 'partial_parse': 'True', 'fail_fast': 'False', 'warn_error': 'None', 'send_anonymous_usage_stats': 'True', 'introspect': 'True', 'target_path': 'None', 'log_format': 'default', 'write_json': 'True', 'debug': 'False', 'quiet': 'False', 'indirect_selection': 'eager', 'no_print': 'None', 'log_path': 'logs', 'log_cache_events': 'False', 'use_experimental_parser': 'False', 'profiles_dir': '/home/rob/.dbt', 'cache_selected_only': 'False', 'empty': 'None'}
[0m13:58:54.091639 [info ] [MainThread]: Creating dbt configuration folder at /home/rob/.dbt
[0m13:58:54.093534 [debug] [MainThread]: Starter project path: /home/rob/git_repos/dbt-student-repo/.venv/lib/python3.13/site-packages/dbt/include/starter_project
[0m13:58:54.096367 [info ] [MainThread]: 
Your new dbt project "airbnb" was created!

For more information on how to configure the profiles.yml file,
please consult the dbt documentation here:

  https://docs.getdbt.com/docs/configure-your-profile

One more thing:

Need help? Don't hesitate to reach out to us via GitHub issues or on Slack:

  https://community.getdbt.com/

Happy modeling!

[0m13:58:54.097214 [debug] [MainThread]: Resource report: {"command_name": "init", "command_success": true, "command_wall_clock_time": 0.21760876, "process_in_blocks": "14632", "process_kernel_time": 2.830788, "process_mem_max_rss": "122124", "process_out_blocks": "744", "process_user_time": 8.693718}
[0m13:58:54.097998 [debug] [MainThread]: Command `dbt init` succeeded at 13:58:54.097678 after 0.22 seconds
[0m13:58:54.098446 [debug] [MainThread]: Sending event: {'category': 'dbt', 'action': 'invocation', 'label': 'end', 'context': [<snowplow_tracker.self_describing_json.SelfDescribingJson object at 0x7f075078a9a0>, <snowplow_tracker.self_describing_json.SelfDescribingJson object at 0x7f0750789e60>, <snowplow_tracker.self_describing_json.SelfDescribingJson object at 0x7f07505808b0>]}
[0m13:58:54.098999 [debug] [MainThread]: Flushing usage events
[0m13:58:54.529351 [debug] [MainThread]: An error was encountered while trying to flush usage events
